[2018-03-04 15:24:23] production.ERROR: Symfony\Component\Debug\Exception\FatalThrowableError: Parse error: syntax error, unexpected '?' in /vagrant/DSU-reportapp-api/api/vendor/symfony/http-foundation/Response.php:499
Stack trace:
#0 /vagrant/DSU-reportapp-api/api/vendor/composer/ClassLoader.php(322): Composer\Autoload\includeFile('/vagrant/DSU-re...')
#1 [internal function]: Composer\Autoload\ClassLoader->loadClass('Symfony\\Compone...')
#2 /vagrant/DSU-reportapp-api/api/vendor/illuminate/http/Response.php(13): spl_autoload_call('Symfony\\Compone...')
#3 /vagrant/DSU-reportapp-api/api/vendor/composer/ClassLoader.php(444): include('/vagrant/DSU-re...')
#4 /vagrant/DSU-reportapp-api/api/vendor/composer/ClassLoader.php(322): Composer\Autoload\includeFile('/vagrant/DSU-re...')
#5 [internal function]: Composer\Autoload\ClassLoader->loadClass('Illuminate\\Http...')
#6 /vagrant/DSU-reportapp-api/api/vendor/laravel/lumen-framework/src/Concerns/RoutesRequests.php(431): spl_autoload_call('Illuminate\\Http...')
#7 /vagrant/DSU-reportapp-api/api/vendor/laravel/lumen-framework/src/Concerns/RoutesRequests.php(286): Laravel\Lumen\Application->prepareResponse('Lumen (5.6.1) (...')
#8 /vagrant/DSU-reportapp-api/api/vendor/laravel/lumen-framework/src/Concerns/RoutesRequests.php(260): Laravel\Lumen\Application->callActionOnArrayBasedRoute(Array)
#9 /vagrant/DSU-reportapp-api/api/vendor/laravel/lumen-framework/src/Concerns/RoutesRequests.php(160): Laravel\Lumen\Application->handleFoundRoute(Array)
#10 /vagrant/DSU-reportapp-api/api/vendor/laravel/lumen-framework/src/Concerns/RoutesRequests.php(413): Laravel\Lumen\Application->Laravel\Lumen\Concerns\{closure}()
#11 /vagrant/DSU-reportapp-api/api/vendor/laravel/lumen-framework/src/Concerns/RoutesRequests.php(166): Laravel\Lumen\Application->sendThroughPipeline(Array, Object(Closure))
#12 /vagrant/DSU-reportapp-api/api/vendor/laravel/lumen-framework/src/Concerns/RoutesRequests.php(107): Laravel\Lumen\Application->dispatch(NULL)
#13 /vagrant/DSU-reportapp-api/api/public/index.php(28): Laravel\Lumen\Application->run()
#14 {main} {"exception":"[object] (Symfony\\Component\\Debug\\Exception\\FatalThrowableError(code: 0): Parse error: syntax error, unexpected '?' at /vagrant/DSU-reportapp-api/api/vendor/symfony/http-foundation/Response.php:499)
[stacktrace]
#0 /vagrant/DSU-reportapp-api/api/vendor/composer/ClassLoader.php(322): Composer\\Autoload\\includeFile('/vagrant/DSU-re...')
#1 [internal function]: Composer\\Autoload\\ClassLoader->loadClass('Symfony\\\\Compone...')
#2 /vagrant/DSU-reportapp-api/api/vendor/illuminate/http/Response.php(13): spl_autoload_call('Symfony\\\\Compone...')
#3 /vagrant/DSU-reportapp-api/api/vendor/composer/ClassLoader.php(444): include('/vagrant/DSU-re...')
#4 /vagrant/DSU-reportapp-api/api/vendor/composer/ClassLoader.php(322): Composer\\Autoload\\includeFile('/vagrant/DSU-re...')
#5 [internal function]: Composer\\Autoload\\ClassLoader->loadClass('Illuminate\\\\Http...')
#6 /vagrant/DSU-reportapp-api/api/vendor/laravel/lumen-framework/src/Concerns/RoutesRequests.php(431): spl_autoload_call('Illuminate\\\\Http...')
#7 /vagrant/DSU-reportapp-api/api/vendor/laravel/lumen-framework/src/Concerns/RoutesRequests.php(286): Laravel\\Lumen\\Application->prepareResponse('Lumen (5.6.1) (...')
#8 /vagrant/DSU-reportapp-api/api/vendor/laravel/lumen-framework/src/Concerns/RoutesRequests.php(260): Laravel\\Lumen\\Application->callActionOnArrayBasedRoute(Array)
#9 /vagrant/DSU-reportapp-api/api/vendor/laravel/lumen-framework/src/Concerns/RoutesRequests.php(160): Laravel\\Lumen\\Application->handleFoundRoute(Array)
#10 /vagrant/DSU-reportapp-api/api/vendor/laravel/lumen-framework/src/Concerns/RoutesRequests.php(413): Laravel\\Lumen\\Application->Laravel\\Lumen\\Concerns\\{closure}()
#11 /vagrant/DSU-reportapp-api/api/vendor/laravel/lumen-framework/src/Concerns/RoutesRequests.php(166): Laravel\\Lumen\\Application->sendThroughPipeline(Array, Object(Closure))
#12 /vagrant/DSU-reportapp-api/api/vendor/laravel/lumen-framework/src/Concerns/RoutesRequests.php(107): Laravel\\Lumen\\Application->dispatch(NULL)
#13 /vagrant/DSU-reportapp-api/api/public/index.php(28): Laravel\\Lumen\\Application->run()
#14 {main}
"} 
[2018-03-04 15:24:23] production.ERROR: Symfony\Component\Debug\Exception\FatalThrowableError: Parse error: syntax error, unexpected '?' in /vagrant/DSU-reportapp-api/api/vendor/symfony/http-foundation/Response.php:499
Stack trace:
#0 /vagrant/DSU-reportapp-api/api/vendor/composer/ClassLoader.php(322): Composer\Autoload\includeFile('/vagrant/DSU-re...')
#1 [internal function]: Composer\Autoload\ClassLoader->loadClass('Symfony\\Compone...')
#2 /vagrant/DSU-reportapp-api/api/vendor/illuminate/http/Response.php(13): spl_autoload_call('Symfony\\Compone...')
#3 /vagrant/DSU-reportapp-api/api/vendor/composer/ClassLoader.php(444): include('/vagrant/DSU-re...')
#4 /vagrant/DSU-reportapp-api/api/vendor/composer/ClassLoader.php(322): Composer\Autoload\includeFile('/vagrant/DSU-re...')
#5 [internal function]: Composer\Autoload\ClassLoader->loadClass('Illuminate\\Http...')
#6 /vagrant/DSU-reportapp-api/api/vendor/laravel/lumen-framework/src/Exceptions/Handler.php(101): spl_autoload_call('Illuminate\\Http...')
#7 /vagrant/DSU-reportapp-api/api/app/Exceptions/Handler.php(48): Laravel\Lumen\Exceptions\Handler->render(Object(Illuminate\Http\Request), Object(Symfony\Component\Debug\Exception\FatalThrowableError))
#8 /vagrant/DSU-reportapp-api/api/vendor/laravel/lumen-framework/src/Concerns/RegistersExceptionHandlers.php(105): App\Exceptions\Handler->render(Object(Illuminate\Http\Request), Object(Symfony\Component\Debug\Exception\FatalThrowableError))
#9 /vagrant/DSU-reportapp-api/api/vendor/laravel/lumen-framework/src/Concerns/RoutesRequests.php(170): Laravel\Lumen\Application->sendExceptionToHandler(Object(Symfony\Component\Debug\Exception\FatalThrowableError))
#10 /vagrant/DSU-reportapp-api/api/vendor/laravel/lumen-framework/src/Concerns/RoutesRequests.php(107): Laravel\Lumen\Application->dispatch(NULL)
#11 /vagrant/DSU-reportapp-api/api/public/index.php(28): Laravel\Lumen\Application->run()
#12 {main} {"exception":"[object] (Symfony\\Component\\Debug\\Exception\\FatalThrowableError(code: 0): Parse error: syntax error, unexpected '?' at /vagrant/DSU-reportapp-api/api/vendor/symfony/http-foundation/Response.php:499)
[stacktrace]
#0 /vagrant/DSU-reportapp-api/api/vendor/composer/ClassLoader.php(322): Composer\\Autoload\\includeFile('/vagrant/DSU-re...')
#1 [internal function]: Composer\\Autoload\\ClassLoader->loadClass('Symfony\\\\Compone...')
#2 /vagrant/DSU-reportapp-api/api/vendor/illuminate/http/Response.php(13): spl_autoload_call('Symfony\\\\Compone...')
#3 /vagrant/DSU-reportapp-api/api/vendor/composer/ClassLoader.php(444): include('/vagrant/DSU-re...')
#4 /vagrant/DSU-reportapp-api/api/vendor/composer/ClassLoader.php(322): Composer\\Autoload\\includeFile('/vagrant/DSU-re...')
#5 [internal function]: Composer\\Autoload\\ClassLoader->loadClass('Illuminate\\\\Http...')
#6 /vagrant/DSU-reportapp-api/api/vendor/laravel/lumen-framework/src/Exceptions/Handler.php(101): spl_autoload_call('Illuminate\\\\Http...')
#7 /vagrant/DSU-reportapp-api/api/app/Exceptions/Handler.php(48): Laravel\\Lumen\\Exceptions\\Handler->render(Object(Illuminate\\Http\\Request), Object(Symfony\\Component\\Debug\\Exception\\FatalThrowableError))
#8 /vagrant/DSU-reportapp-api/api/vendor/laravel/lumen-framework/src/Concerns/RegistersExceptionHandlers.php(105): App\\Exceptions\\Handler->render(Object(Illuminate\\Http\\Request), Object(Symfony\\Component\\Debug\\Exception\\FatalThrowableError))
#9 /vagrant/DSU-reportapp-api/api/vendor/laravel/lumen-framework/src/Concerns/RoutesRequests.php(170): Laravel\\Lumen\\Application->sendExceptionToHandler(Object(Symfony\\Component\\Debug\\Exception\\FatalThrowableError))
#10 /vagrant/DSU-reportapp-api/api/vendor/laravel/lumen-framework/src/Concerns/RoutesRequests.php(107): Laravel\\Lumen\\Application->dispatch(NULL)
#11 /vagrant/DSU-reportapp-api/api/public/index.php(28): Laravel\\Lumen\\Application->run()
#12 {main}
"} 
[2018-03-04 15:24:23] production.ERROR: Symfony\Component\Debug\Exception\FatalErrorException: Exception thrown without a stack frame in Unknown:0
Stack trace:
#0 /vagrant/DSU-reportapp-api/api/vendor/laravel/lumen-framework/src/Concerns/RegistersExceptionHandlers.php(54): Laravel\Lumen\Application->handleShutdown()
#1 [internal function]: Laravel\Lumen\Application->Laravel\Lumen\Concerns\{closure}()
#2 {main} {"exception":"[object] (Symfony\\Component\\Debug\\Exception\\FatalErrorException(code: 16): Exception thrown without a stack frame at Unknown:0)
[stacktrace]
#0 /vagrant/DSU-reportapp-api/api/vendor/laravel/lumen-framework/src/Concerns/RegistersExceptionHandlers.php(54): Laravel\\Lumen\\Application->handleShutdown()
#1 [internal function]: Laravel\\Lumen\\Application->Laravel\\Lumen\\Concerns\\{closure}()
#2 {main}
"} 
[2018-03-04 15:24:50] production.ERROR: Symfony\Component\Debug\Exception\FatalThrowableError: Parse error: syntax error, unexpected '?' in /vagrant/DSU-reportapp-api/api/vendor/symfony/http-foundation/Response.php:499
Stack trace:
#0 /vagrant/DSU-reportapp-api/api/vendor/composer/ClassLoader.php(322): Composer\Autoload\includeFile('/vagrant/DSU-re...')
#1 [internal function]: Composer\Autoload\ClassLoader->loadClass('Symfony\\Compone...')
#2 /vagrant/DSU-reportapp-api/api/vendor/illuminate/http/Response.php(13): spl_autoload_call('Symfony\\Compone...')
#3 /vagrant/DSU-reportapp-api/api/vendor/composer/ClassLoader.php(444): include('/vagrant/DSU-re...')
#4 /vagrant/DSU-reportapp-api/api/vendor/composer/ClassLoader.php(322): Composer\Autoload\includeFile('/vagrant/DSU-re...')
#5 [internal function]: Composer\Autoload\ClassLoader->loadClass('Illuminate\\Http...')
#6 /vagrant/DSU-reportapp-api/api/vendor/laravel/lumen-framework/src/Concerns/RoutesRequests.php(431): spl_autoload_call('Illuminate\\Http...')
#7 /vagrant/DSU-reportapp-api/api/vendor/laravel/lumen-framework/src/Concerns/RoutesRequests.php(286): Laravel\Lumen\Application->prepareResponse('Lumen (5.6.1) (...')
#8 /vagrant/DSU-reportapp-api/api/vendor/laravel/lumen-framework/src/Concerns/RoutesRequests.php(260): Laravel\Lumen\Application->callActionOnArrayBasedRoute(Array)
#9 /vagrant/DSU-reportapp-api/api/vendor/laravel/lumen-framework/src/Concerns/RoutesRequests.php(160): Laravel\Lumen\Application->handleFoundRoute(Array)
#10 /vagrant/DSU-reportapp-api/api/vendor/laravel/lumen-framework/src/Concerns/RoutesRequests.php(413): Laravel\Lumen\Application->Laravel\Lumen\Concerns\{closure}()
#11 /vagrant/DSU-reportapp-api/api/vendor/laravel/lumen-framework/src/Concerns/RoutesRequests.php(166): Laravel\Lumen\Application->sendThroughPipeline(Array, Object(Closure))
#12 /vagrant/DSU-reportapp-api/api/vendor/laravel/lumen-framework/src/Concerns/RoutesRequests.php(107): Laravel\Lumen\Application->dispatch(NULL)
#13 /vagrant/DSU-reportapp-api/api/public/index.php(28): Laravel\Lumen\Application->run()
#14 {main} {"exception":"[object] (Symfony\\Component\\Debug\\Exception\\FatalThrowableError(code: 0): Parse error: syntax error, unexpected '?' at /vagrant/DSU-reportapp-api/api/vendor/symfony/http-foundation/Response.php:499)
[stacktrace]
#0 /vagrant/DSU-reportapp-api/api/vendor/composer/ClassLoader.php(322): Composer\\Autoload\\includeFile('/vagrant/DSU-re...')
#1 [internal function]: Composer\\Autoload\\ClassLoader->loadClass('Symfony\\\\Compone...')
#2 /vagrant/DSU-reportapp-api/api/vendor/illuminate/http/Response.php(13): spl_autoload_call('Symfony\\\\Compone...')
#3 /vagrant/DSU-reportapp-api/api/vendor/composer/ClassLoader.php(444): include('/vagrant/DSU-re...')
#4 /vagrant/DSU-reportapp-api/api/vendor/composer/ClassLoader.php(322): Composer\\Autoload\\includeFile('/vagrant/DSU-re...')
#5 [internal function]: Composer\\Autoload\\ClassLoader->loadClass('Illuminate\\\\Http...')
#6 /vagrant/DSU-reportapp-api/api/vendor/laravel/lumen-framework/src/Concerns/RoutesRequests.php(431): spl_autoload_call('Illuminate\\\\Http...')
#7 /vagrant/DSU-reportapp-api/api/vendor/laravel/lumen-framework/src/Concerns/RoutesRequests.php(286): Laravel\\Lumen\\Application->prepareResponse('Lumen (5.6.1) (...')
#8 /vagrant/DSU-reportapp-api/api/vendor/laravel/lumen-framework/src/Concerns/RoutesRequests.php(260): Laravel\\Lumen\\Application->callActionOnArrayBasedRoute(Array)
#9 /vagrant/DSU-reportapp-api/api/vendor/laravel/lumen-framework/src/Concerns/RoutesRequests.php(160): Laravel\\Lumen\\Application->handleFoundRoute(Array)
#10 /vagrant/DSU-reportapp-api/api/vendor/laravel/lumen-framework/src/Concerns/RoutesRequests.php(413): Laravel\\Lumen\\Application->Laravel\\Lumen\\Concerns\\{closure}()
#11 /vagrant/DSU-reportapp-api/api/vendor/laravel/lumen-framework/src/Concerns/RoutesRequests.php(166): Laravel\\Lumen\\Application->sendThroughPipeline(Array, Object(Closure))
#12 /vagrant/DSU-reportapp-api/api/vendor/laravel/lumen-framework/src/Concerns/RoutesRequests.php(107): Laravel\\Lumen\\Application->dispatch(NULL)
#13 /vagrant/DSU-reportapp-api/api/public/index.php(28): Laravel\\Lumen\\Application->run()
#14 {main}
"} 
[2018-03-04 15:24:50] production.ERROR: Symfony\Component\Debug\Exception\FatalThrowableError: Parse error: syntax error, unexpected '?' in /vagrant/DSU-reportapp-api/api/vendor/symfony/http-foundation/Response.php:499
Stack trace:
#0 /vagrant/DSU-reportapp-api/api/vendor/composer/ClassLoader.php(322): Composer\Autoload\includeFile('/vagrant/DSU-re...')
#1 [internal function]: Composer\Autoload\ClassLoader->loadClass('Symfony\\Compone...')
#2 /vagrant/DSU-reportapp-api/api/vendor/illuminate/http/Response.php(13): spl_autoload_call('Symfony\\Compone...')
#3 /vagrant/DSU-reportapp-api/api/vendor/composer/ClassLoader.php(444): include('/vagrant/DSU-re...')
#4 /vagrant/DSU-reportapp-api/api/vendor/composer/ClassLoader.php(322): Composer\Autoload\includeFile('/vagrant/DSU-re...')
#5 [internal function]: Composer\Autoload\ClassLoader->loadClass('Illuminate\\Http...')
#6 /vagrant/DSU-reportapp-api/api/vendor/laravel/lumen-framework/src/Exceptions/Handler.php(101): spl_autoload_call('Illuminate\\Http...')
#7 /vagrant/DSU-reportapp-api/api/app/Exceptions/Handler.php(48): Laravel\Lumen\Exceptions\Handler->render(Object(Illuminate\Http\Request), Object(Symfony\Component\Debug\Exception\FatalThrowableError))
#8 /vagrant/DSU-reportapp-api/api/vendor/laravel/lumen-framework/src/Concerns/RegistersExceptionHandlers.php(105): App\Exceptions\Handler->render(Object(Illuminate\Http\Request), Object(Symfony\Component\Debug\Exception\FatalThrowableError))
#9 /vagrant/DSU-reportapp-api/api/vendor/laravel/lumen-framework/src/Concerns/RoutesRequests.php(170): Laravel\Lumen\Application->sendExceptionToHandler(Object(Symfony\Component\Debug\Exception\FatalThrowableError))
#10 /vagrant/DSU-reportapp-api/api/vendor/laravel/lumen-framework/src/Concerns/RoutesRequests.php(107): Laravel\Lumen\Application->dispatch(NULL)
#11 /vagrant/DSU-reportapp-api/api/public/index.php(28): Laravel\Lumen\Application->run()
#12 {main} {"exception":"[object] (Symfony\\Component\\Debug\\Exception\\FatalThrowableError(code: 0): Parse error: syntax error, unexpected '?' at /vagrant/DSU-reportapp-api/api/vendor/symfony/http-foundation/Response.php:499)
[stacktrace]
#0 /vagrant/DSU-reportapp-api/api/vendor/composer/ClassLoader.php(322): Composer\\Autoload\\includeFile('/vagrant/DSU-re...')
#1 [internal function]: Composer\\Autoload\\ClassLoader->loadClass('Symfony\\\\Compone...')
#2 /vagrant/DSU-reportapp-api/api/vendor/illuminate/http/Response.php(13): spl_autoload_call('Symfony\\\\Compone...')
#3 /vagrant/DSU-reportapp-api/api/vendor/composer/ClassLoader.php(444): include('/vagrant/DSU-re...')
#4 /vagrant/DSU-reportapp-api/api/vendor/composer/ClassLoader.php(322): Composer\\Autoload\\includeFile('/vagrant/DSU-re...')
#5 [internal function]: Composer\\Autoload\\ClassLoader->loadClass('Illuminate\\\\Http...')
#6 /vagrant/DSU-reportapp-api/api/vendor/laravel/lumen-framework/src/Exceptions/Handler.php(101): spl_autoload_call('Illuminate\\\\Http...')
#7 /vagrant/DSU-reportapp-api/api/app/Exceptions/Handler.php(48): Laravel\\Lumen\\Exceptions\\Handler->render(Object(Illuminate\\Http\\Request), Object(Symfony\\Component\\Debug\\Exception\\FatalThrowableError))
#8 /vagrant/DSU-reportapp-api/api/vendor/laravel/lumen-framework/src/Concerns/RegistersExceptionHandlers.php(105): App\\Exceptions\\Handler->render(Object(Illuminate\\Http\\Request), Object(Symfony\\Component\\Debug\\Exception\\FatalThrowableError))
#9 /vagrant/DSU-reportapp-api/api/vendor/laravel/lumen-framework/src/Concerns/RoutesRequests.php(170): Laravel\\Lumen\\Application->sendExceptionToHandler(Object(Symfony\\Component\\Debug\\Exception\\FatalThrowableError))
#10 /vagrant/DSU-reportapp-api/api/vendor/laravel/lumen-framework/src/Concerns/RoutesRequests.php(107): Laravel\\Lumen\\Application->dispatch(NULL)
#11 /vagrant/DSU-reportapp-api/api/public/index.php(28): Laravel\\Lumen\\Application->run()
#12 {main}
"} 
[2018-03-04 15:24:50] production.ERROR: Symfony\Component\Debug\Exception\FatalErrorException: Exception thrown without a stack frame in Unknown:0
Stack trace:
#0 /vagrant/DSU-reportapp-api/api/vendor/laravel/lumen-framework/src/Concerns/RegistersExceptionHandlers.php(54): Laravel\Lumen\Application->handleShutdown()
#1 [internal function]: Laravel\Lumen\Application->Laravel\Lumen\Concerns\{closure}()
#2 {main} {"exception":"[object] (Symfony\\Component\\Debug\\Exception\\FatalErrorException(code: 16): Exception thrown without a stack frame at Unknown:0)
[stacktrace]
#0 /vagrant/DSU-reportapp-api/api/vendor/laravel/lumen-framework/src/Concerns/RegistersExceptionHandlers.php(54): Laravel\\Lumen\\Application->handleShutdown()
#1 [internal function]: Laravel\\Lumen\\Application->Laravel\\Lumen\\Concerns\\{closure}()
#2 {main}
"} 
[2018-03-04 15:25:52] production.ERROR: Symfony\Component\Debug\Exception\FatalThrowableError: Parse error: syntax error, unexpected '?' in /vagrant/DSU-reportapp-api/api/vendor/symfony/http-foundation/Response.php:499
Stack trace:
#0 /vagrant/DSU-reportapp-api/api/vendor/composer/ClassLoader.php(322): Composer\Autoload\includeFile('/vagrant/DSU-re...')
#1 [internal function]: Composer\Autoload\ClassLoader->loadClass('Symfony\\Compone...')
#2 /vagrant/DSU-reportapp-api/api/vendor/illuminate/http/Response.php(13): spl_autoload_call('Symfony\\Compone...')
#3 /vagrant/DSU-reportapp-api/api/vendor/composer/ClassLoader.php(444): include('/vagrant/DSU-re...')
#4 /vagrant/DSU-reportapp-api/api/vendor/composer/ClassLoader.php(322): Composer\Autoload\includeFile('/vagrant/DSU-re...')
#5 [internal function]: Composer\Autoload\ClassLoader->loadClass('Illuminate\\Http...')
#6 /vagrant/DSU-reportapp-api/api/vendor/laravel/lumen-framework/src/Concerns/RoutesRequests.php(431): spl_autoload_call('Illuminate\\Http...')
#7 /vagrant/DSU-reportapp-api/api/vendor/laravel/lumen-framework/src/Concerns/RoutesRequests.php(286): Laravel\Lumen\Application->prepareResponse('Lumen (5.6.1) (...')
#8 /vagrant/DSU-reportapp-api/api/vendor/laravel/lumen-framework/src/Concerns/RoutesRequests.php(260): Laravel\Lumen\Application->callActionOnArrayBasedRoute(Array)
#9 /vagrant/DSU-reportapp-api/api/vendor/laravel/lumen-framework/src/Concerns/RoutesRequests.php(160): Laravel\Lumen\Application->handleFoundRoute(Array)
#10 /vagrant/DSU-reportapp-api/api/vendor/laravel/lumen-framework/src/Concerns/RoutesRequests.php(413): Laravel\Lumen\Application->Laravel\Lumen\Concerns\{closure}()
#11 /vagrant/DSU-reportapp-api/api/vendor/laravel/lumen-framework/src/Concerns/RoutesRequests.php(166): Laravel\Lumen\Application->sendThroughPipeline(Array, Object(Closure))
#12 /vagrant/DSU-reportapp-api/api/vendor/laravel/lumen-framework/src/Concerns/RoutesRequests.php(107): Laravel\Lumen\Application->dispatch(NULL)
#13 /vagrant/DSU-reportapp-api/api/public/index.php(28): Laravel\Lumen\Application->run()
#14 {main} {"exception":"[object] (Symfony\\Component\\Debug\\Exception\\FatalThrowableError(code: 0): Parse error: syntax error, unexpected '?' at /vagrant/DSU-reportapp-api/api/vendor/symfony/http-foundation/Response.php:499)
[stacktrace]
#0 /vagrant/DSU-reportapp-api/api/vendor/composer/ClassLoader.php(322): Composer\\Autoload\\includeFile('/vagrant/DSU-re...')
#1 [internal function]: Composer\\Autoload\\ClassLoader->loadClass('Symfony\\\\Compone...')
#2 /vagrant/DSU-reportapp-api/api/vendor/illuminate/http/Response.php(13): spl_autoload_call('Symfony\\\\Compone...')
#3 /vagrant/DSU-reportapp-api/api/vendor/composer/ClassLoader.php(444): include('/vagrant/DSU-re...')
#4 /vagrant/DSU-reportapp-api/api/vendor/composer/ClassLoader.php(322): Composer\\Autoload\\includeFile('/vagrant/DSU-re...')
#5 [internal function]: Composer\\Autoload\\ClassLoader->loadClass('Illuminate\\\\Http...')
#6 /vagrant/DSU-reportapp-api/api/vendor/laravel/lumen-framework/src/Concerns/RoutesRequests.php(431): spl_autoload_call('Illuminate\\\\Http...')
#7 /vagrant/DSU-reportapp-api/api/vendor/laravel/lumen-framework/src/Concerns/RoutesRequests.php(286): Laravel\\Lumen\\Application->prepareResponse('Lumen (5.6.1) (...')
#8 /vagrant/DSU-reportapp-api/api/vendor/laravel/lumen-framework/src/Concerns/RoutesRequests.php(260): Laravel\\Lumen\\Application->callActionOnArrayBasedRoute(Array)
#9 /vagrant/DSU-reportapp-api/api/vendor/laravel/lumen-framework/src/Concerns/RoutesRequests.php(160): Laravel\\Lumen\\Application->handleFoundRoute(Array)
#10 /vagrant/DSU-reportapp-api/api/vendor/laravel/lumen-framework/src/Concerns/RoutesRequests.php(413): Laravel\\Lumen\\Application->Laravel\\Lumen\\Concerns\\{closure}()
#11 /vagrant/DSU-reportapp-api/api/vendor/laravel/lumen-framework/src/Concerns/RoutesRequests.php(166): Laravel\\Lumen\\Application->sendThroughPipeline(Array, Object(Closure))
#12 /vagrant/DSU-reportapp-api/api/vendor/laravel/lumen-framework/src/Concerns/RoutesRequests.php(107): Laravel\\Lumen\\Application->dispatch(NULL)
#13 /vagrant/DSU-reportapp-api/api/public/index.php(28): Laravel\\Lumen\\Application->run()
#14 {main}
"} 
[2018-03-04 15:25:52] production.ERROR: Symfony\Component\Debug\Exception\FatalThrowableError: Parse error: syntax error, unexpected '?' in /vagrant/DSU-reportapp-api/api/vendor/symfony/http-foundation/Response.php:499
Stack trace:
#0 /vagrant/DSU-reportapp-api/api/vendor/composer/ClassLoader.php(322): Composer\Autoload\includeFile('/vagrant/DSU-re...')
#1 [internal function]: Composer\Autoload\ClassLoader->loadClass('Symfony\\Compone...')
#2 /vagrant/DSU-reportapp-api/api/vendor/illuminate/http/Response.php(13): spl_autoload_call('Symfony\\Compone...')
#3 /vagrant/DSU-reportapp-api/api/vendor/composer/ClassLoader.php(444): include('/vagrant/DSU-re...')
#4 /vagrant/DSU-reportapp-api/api/vendor/composer/ClassLoader.php(322): Composer\Autoload\includeFile('/vagrant/DSU-re...')
#5 [internal function]: Composer\Autoload\ClassLoader->loadClass('Illuminate\\Http...')
#6 /vagrant/DSU-reportapp-api/api/vendor/laravel/lumen-framework/src/Exceptions/Handler.php(101): spl_autoload_call('Illuminate\\Http...')
#7 /vagrant/DSU-reportapp-api/api/app/Exceptions/Handler.php(48): Laravel\Lumen\Exceptions\Handler->render(Object(Illuminate\Http\Request), Object(Symfony\Component\Debug\Exception\FatalThrowableError))
#8 /vagrant/DSU-reportapp-api/api/vendor/laravel/lumen-framework/src/Concerns/RegistersExceptionHandlers.php(105): App\Exceptions\Handler->render(Object(Illuminate\Http\Request), Object(Symfony\Component\Debug\Exception\FatalThrowableError))
#9 /vagrant/DSU-reportapp-api/api/vendor/laravel/lumen-framework/src/Concerns/RoutesRequests.php(170): Laravel\Lumen\Application->sendExceptionToHandler(Object(Symfony\Component\Debug\Exception\FatalThrowableError))
#10 /vagrant/DSU-reportapp-api/api/vendor/laravel/lumen-framework/src/Concerns/RoutesRequests.php(107): Laravel\Lumen\Application->dispatch(NULL)
#11 /vagrant/DSU-reportapp-api/api/public/index.php(28): Laravel\Lumen\Application->run()
#12 {main} {"exception":"[object] (Symfony\\Component\\Debug\\Exception\\FatalThrowableError(code: 0): Parse error: syntax error, unexpected '?' at /vagrant/DSU-reportapp-api/api/vendor/symfony/http-foundation/Response.php:499)
[stacktrace]
#0 /vagrant/DSU-reportapp-api/api/vendor/composer/ClassLoader.php(322): Composer\\Autoload\\includeFile('/vagrant/DSU-re...')
#1 [internal function]: Composer\\Autoload\\ClassLoader->loadClass('Symfony\\\\Compone...')
#2 /vagrant/DSU-reportapp-api/api/vendor/illuminate/http/Response.php(13): spl_autoload_call('Symfony\\\\Compone...')
#3 /vagrant/DSU-reportapp-api/api/vendor/composer/ClassLoader.php(444): include('/vagrant/DSU-re...')
#4 /vagrant/DSU-reportapp-api/api/vendor/composer/ClassLoader.php(322): Composer\\Autoload\\includeFile('/vagrant/DSU-re...')
#5 [internal function]: Composer\\Autoload\\ClassLoader->loadClass('Illuminate\\\\Http...')
#6 /vagrant/DSU-reportapp-api/api/vendor/laravel/lumen-framework/src/Exceptions/Handler.php(101): spl_autoload_call('Illuminate\\\\Http...')
#7 /vagrant/DSU-reportapp-api/api/app/Exceptions/Handler.php(48): Laravel\\Lumen\\Exceptions\\Handler->render(Object(Illuminate\\Http\\Request), Object(Symfony\\Component\\Debug\\Exception\\FatalThrowableError))
#8 /vagrant/DSU-reportapp-api/api/vendor/laravel/lumen-framework/src/Concerns/RegistersExceptionHandlers.php(105): App\\Exceptions\\Handler->render(Object(Illuminate\\Http\\Request), Object(Symfony\\Component\\Debug\\Exception\\FatalThrowableError))
#9 /vagrant/DSU-reportapp-api/api/vendor/laravel/lumen-framework/src/Concerns/RoutesRequests.php(170): Laravel\\Lumen\\Application->sendExceptionToHandler(Object(Symfony\\Component\\Debug\\Exception\\FatalThrowableError))
#10 /vagrant/DSU-reportapp-api/api/vendor/laravel/lumen-framework/src/Concerns/RoutesRequests.php(107): Laravel\\Lumen\\Application->dispatch(NULL)
#11 /vagrant/DSU-reportapp-api/api/public/index.php(28): Laravel\\Lumen\\Application->run()
#12 {main}
"} 
[2018-03-04 15:25:52] production.ERROR: Symfony\Component\Debug\Exception\FatalErrorException: Exception thrown without a stack frame in Unknown:0
Stack trace:
#0 /vagrant/DSU-reportapp-api/api/vendor/laravel/lumen-framework/src/Concerns/RegistersExceptionHandlers.php(54): Laravel\Lumen\Application->handleShutdown()
#1 [internal function]: Laravel\Lumen\Application->Laravel\Lumen\Concerns\{closure}()
#2 {main} {"exception":"[object] (Symfony\\Component\\Debug\\Exception\\FatalErrorException(code: 16): Exception thrown without a stack frame at Unknown:0)
[stacktrace]
#0 /vagrant/DSU-reportapp-api/api/vendor/laravel/lumen-framework/src/Concerns/RegistersExceptionHandlers.php(54): Laravel\\Lumen\\Application->handleShutdown()
#1 [internal function]: Laravel\\Lumen\\Application->Laravel\\Lumen\\Concerns\\{closure}()
#2 {main}
"} 
[2018-03-04 15:28:59] production.ERROR: Symfony\Component\Debug\Exception\FatalThrowableError: Parse error: syntax error, unexpected '?' in /vagrant/DSU-reportapp-api/api/vendor/symfony/http-foundation/Response.php:499
Stack trace:
#0 /vagrant/DSU-reportapp-api/api/vendor/composer/ClassLoader.php(322): Composer\Autoload\includeFile('/vagrant/DSU-re...')
#1 [internal function]: Composer\Autoload\ClassLoader->loadClass('Symfony\\Compone...')
#2 /vagrant/DSU-reportapp-api/api/vendor/illuminate/http/Response.php(13): spl_autoload_call('Symfony\\Compone...')
#3 /vagrant/DSU-reportapp-api/api/vendor/composer/ClassLoader.php(444): include('/vagrant/DSU-re...')
#4 /vagrant/DSU-reportapp-api/api/vendor/composer/ClassLoader.php(322): Composer\Autoload\includeFile('/vagrant/DSU-re...')
#5 [internal function]: Composer\Autoload\ClassLoader->loadClass('Illuminate\\Http...')
#6 /vagrant/DSU-reportapp-api/api/vendor/laravel/lumen-framework/src/Concerns/RoutesRequests.php(431): spl_autoload_call('Illuminate\\Http...')
#7 /vagrant/DSU-reportapp-api/api/vendor/laravel/lumen-framework/src/Concerns/RoutesRequests.php(286): Laravel\Lumen\Application->prepareResponse('Lumen (5.6.1) (...')
#8 /vagrant/DSU-reportapp-api/api/vendor/laravel/lumen-framework/src/Concerns/RoutesRequests.php(260): Laravel\Lumen\Application->callActionOnArrayBasedRoute(Array)
#9 /vagrant/DSU-reportapp-api/api/vendor/laravel/lumen-framework/src/Concerns/RoutesRequests.php(160): Laravel\Lumen\Application->handleFoundRoute(Array)
#10 /vagrant/DSU-reportapp-api/api/vendor/laravel/lumen-framework/src/Concerns/RoutesRequests.php(413): Laravel\Lumen\Application->Laravel\Lumen\Concerns\{closure}()
#11 /vagrant/DSU-reportapp-api/api/vendor/laravel/lumen-framework/src/Concerns/RoutesRequests.php(166): Laravel\Lumen\Application->sendThroughPipeline(Array, Object(Closure))
#12 /vagrant/DSU-reportapp-api/api/vendor/laravel/lumen-framework/src/Concerns/RoutesRequests.php(107): Laravel\Lumen\Application->dispatch(NULL)
#13 /vagrant/DSU-reportapp-api/api/public/index.php(28): Laravel\Lumen\Application->run()
#14 {main} {"exception":"[object] (Symfony\\Component\\Debug\\Exception\\FatalThrowableError(code: 0): Parse error: syntax error, unexpected '?' at /vagrant/DSU-reportapp-api/api/vendor/symfony/http-foundation/Response.php:499)
[stacktrace]
#0 /vagrant/DSU-reportapp-api/api/vendor/composer/ClassLoader.php(322): Composer\\Autoload\\includeFile('/vagrant/DSU-re...')
#1 [internal function]: Composer\\Autoload\\ClassLoader->loadClass('Symfony\\\\Compone...')
#2 /vagrant/DSU-reportapp-api/api/vendor/illuminate/http/Response.php(13): spl_autoload_call('Symfony\\\\Compone...')
#3 /vagrant/DSU-reportapp-api/api/vendor/composer/ClassLoader.php(444): include('/vagrant/DSU-re...')
#4 /vagrant/DSU-reportapp-api/api/vendor/composer/ClassLoader.php(322): Composer\\Autoload\\includeFile('/vagrant/DSU-re...')
#5 [internal function]: Composer\\Autoload\\ClassLoader->loadClass('Illuminate\\\\Http...')
#6 /vagrant/DSU-reportapp-api/api/vendor/laravel/lumen-framework/src/Concerns/RoutesRequests.php(431): spl_autoload_call('Illuminate\\\\Http...')
#7 /vagrant/DSU-reportapp-api/api/vendor/laravel/lumen-framework/src/Concerns/RoutesRequests.php(286): Laravel\\Lumen\\Application->prepareResponse('Lumen (5.6.1) (...')
#8 /vagrant/DSU-reportapp-api/api/vendor/laravel/lumen-framework/src/Concerns/RoutesRequests.php(260): Laravel\\Lumen\\Application->callActionOnArrayBasedRoute(Array)
#9 /vagrant/DSU-reportapp-api/api/vendor/laravel/lumen-framework/src/Concerns/RoutesRequests.php(160): Laravel\\Lumen\\Application->handleFoundRoute(Array)
#10 /vagrant/DSU-reportapp-api/api/vendor/laravel/lumen-framework/src/Concerns/RoutesRequests.php(413): Laravel\\Lumen\\Application->Laravel\\Lumen\\Concerns\\{closure}()
#11 /vagrant/DSU-reportapp-api/api/vendor/laravel/lumen-framework/src/Concerns/RoutesRequests.php(166): Laravel\\Lumen\\Application->sendThroughPipeline(Array, Object(Closure))
#12 /vagrant/DSU-reportapp-api/api/vendor/laravel/lumen-framework/src/Concerns/RoutesRequests.php(107): Laravel\\Lumen\\Application->dispatch(NULL)
#13 /vagrant/DSU-reportapp-api/api/public/index.php(28): Laravel\\Lumen\\Application->run()
#14 {main}
"} 
[2018-03-04 15:28:59] production.ERROR: Symfony\Component\Debug\Exception\FatalThrowableError: Parse error: syntax error, unexpected '?' in /vagrant/DSU-reportapp-api/api/vendor/symfony/http-foundation/Response.php:499
Stack trace:
#0 /vagrant/DSU-reportapp-api/api/vendor/composer/ClassLoader.php(322): Composer\Autoload\includeFile('/vagrant/DSU-re...')
#1 [internal function]: Composer\Autoload\ClassLoader->loadClass('Symfony\\Compone...')
#2 /vagrant/DSU-reportapp-api/api/vendor/illuminate/http/Response.php(13): spl_autoload_call('Symfony\\Compone...')
#3 /vagrant/DSU-reportapp-api/api/vendor/composer/ClassLoader.php(444): include('/vagrant/DSU-re...')
#4 /vagrant/DSU-reportapp-api/api/vendor/composer/ClassLoader.php(322): Composer\Autoload\includeFile('/vagrant/DSU-re...')
#5 [internal function]: Composer\Autoload\ClassLoader->loadClass('Illuminate\\Http...')
#6 /vagrant/DSU-reportapp-api/api/vendor/laravel/lumen-framework/src/Exceptions/Handler.php(101): spl_autoload_call('Illuminate\\Http...')
#7 /vagrant/DSU-reportapp-api/api/app/Exceptions/Handler.php(48): Laravel\Lumen\Exceptions\Handler->render(Object(Illuminate\Http\Request), Object(Symfony\Component\Debug\Exception\FatalThrowableError))
#8 /vagrant/DSU-reportapp-api/api/vendor/laravel/lumen-framework/src/Concerns/RegistersExceptionHandlers.php(105): App\Exceptions\Handler->render(Object(Illuminate\Http\Request), Object(Symfony\Component\Debug\Exception\FatalThrowableError))
#9 /vagrant/DSU-reportapp-api/api/vendor/laravel/lumen-framework/src/Concerns/RoutesRequests.php(170): Laravel\Lumen\Application->sendExceptionToHandler(Object(Symfony\Component\Debug\Exception\FatalThrowableError))
#10 /vagrant/DSU-reportapp-api/api/vendor/laravel/lumen-framework/src/Concerns/RoutesRequests.php(107): Laravel\Lumen\Application->dispatch(NULL)
#11 /vagrant/DSU-reportapp-api/api/public/index.php(28): Laravel\Lumen\Application->run()
#12 {main} {"exception":"[object] (Symfony\\Component\\Debug\\Exception\\FatalThrowableError(code: 0): Parse error: syntax error, unexpected '?' at /vagrant/DSU-reportapp-api/api/vendor/symfony/http-foundation/Response.php:499)
[stacktrace]
#0 /vagrant/DSU-reportapp-api/api/vendor/composer/ClassLoader.php(322): Composer\\Autoload\\includeFile('/vagrant/DSU-re...')
#1 [internal function]: Composer\\Autoload\\ClassLoader->loadClass('Symfony\\\\Compone...')
#2 /vagrant/DSU-reportapp-api/api/vendor/illuminate/http/Response.php(13): spl_autoload_call('Symfony\\\\Compone...')
#3 /vagrant/DSU-reportapp-api/api/vendor/composer/ClassLoader.php(444): include('/vagrant/DSU-re...')
#4 /vagrant/DSU-reportapp-api/api/vendor/composer/ClassLoader.php(322): Composer\\Autoload\\includeFile('/vagrant/DSU-re...')
#5 [internal function]: Composer\\Autoload\\ClassLoader->loadClass('Illuminate\\\\Http...')
#6 /vagrant/DSU-reportapp-api/api/vendor/laravel/lumen-framework/src/Exceptions/Handler.php(101): spl_autoload_call('Illuminate\\\\Http...')
#7 /vagrant/DSU-reportapp-api/api/app/Exceptions/Handler.php(48): Laravel\\Lumen\\Exceptions\\Handler->render(Object(Illuminate\\Http\\Request), Object(Symfony\\Component\\Debug\\Exception\\FatalThrowableError))
#8 /vagrant/DSU-reportapp-api/api/vendor/laravel/lumen-framework/src/Concerns/RegistersExceptionHandlers.php(105): App\\Exceptions\\Handler->render(Object(Illuminate\\Http\\Request), Object(Symfony\\Component\\Debug\\Exception\\FatalThrowableError))
#9 /vagrant/DSU-reportapp-api/api/vendor/laravel/lumen-framework/src/Concerns/RoutesRequests.php(170): Laravel\\Lumen\\Application->sendExceptionToHandler(Object(Symfony\\Component\\Debug\\Exception\\FatalThrowableError))
#10 /vagrant/DSU-reportapp-api/api/vendor/laravel/lumen-framework/src/Concerns/RoutesRequests.php(107): Laravel\\Lumen\\Application->dispatch(NULL)
#11 /vagrant/DSU-reportapp-api/api/public/index.php(28): Laravel\\Lumen\\Application->run()
#12 {main}
"} 
[2018-03-04 15:28:59] production.ERROR: Symfony\Component\Debug\Exception\FatalErrorException: Exception thrown without a stack frame in Unknown:0
Stack trace:
#0 /vagrant/DSU-reportapp-api/api/vendor/laravel/lumen-framework/src/Concerns/RegistersExceptionHandlers.php(54): Laravel\Lumen\Application->handleShutdown()
#1 [internal function]: Laravel\Lumen\Application->Laravel\Lumen\Concerns\{closure}()
#2 {main} {"exception":"[object] (Symfony\\Component\\Debug\\Exception\\FatalErrorException(code: 16): Exception thrown without a stack frame at Unknown:0)
[stacktrace]
#0 /vagrant/DSU-reportapp-api/api/vendor/laravel/lumen-framework/src/Concerns/RegistersExceptionHandlers.php(54): Laravel\\Lumen\\Application->handleShutdown()
#1 [internal function]: Laravel\\Lumen\\Application->Laravel\\Lumen\\Concerns\\{closure}()
#2 {main}
"} 
[2018-03-04 15:29:31] production.ERROR: Symfony\Component\Debug\Exception\FatalThrowableError: Parse error: syntax error, unexpected '?' in /vagrant/DSU-reportapp-api/api/vendor/symfony/http-foundation/Response.php:637
Stack trace:
#0 /vagrant/DSU-reportapp-api/api/vendor/composer/ClassLoader.php(322): Composer\Autoload\includeFile('/vagrant/DSU-re...')
#1 [internal function]: Composer\Autoload\ClassLoader->loadClass('Symfony\\Compone...')
#2 /vagrant/DSU-reportapp-api/api/vendor/illuminate/http/Response.php(13): spl_autoload_call('Symfony\\Compone...')
#3 /vagrant/DSU-reportapp-api/api/vendor/composer/ClassLoader.php(444): include('/vagrant/DSU-re...')
#4 /vagrant/DSU-reportapp-api/api/vendor/composer/ClassLoader.php(322): Composer\Autoload\includeFile('/vagrant/DSU-re...')
#5 [internal function]: Composer\Autoload\ClassLoader->loadClass('Illuminate\\Http...')
#6 /vagrant/DSU-reportapp-api/api/vendor/laravel/lumen-framework/src/Concerns/RoutesRequests.php(431): spl_autoload_call('Illuminate\\Http...')
#7 /vagrant/DSU-reportapp-api/api/vendor/laravel/lumen-framework/src/Concerns/RoutesRequests.php(286): Laravel\Lumen\Application->prepareResponse('Lumen (5.6.1) (...')
#8 /vagrant/DSU-reportapp-api/api/vendor/laravel/lumen-framework/src/Concerns/RoutesRequests.php(260): Laravel\Lumen\Application->callActionOnArrayBasedRoute(Array)
#9 /vagrant/DSU-reportapp-api/api/vendor/laravel/lumen-framework/src/Concerns/RoutesRequests.php(160): Laravel\Lumen\Application->handleFoundRoute(Array)
#10 /vagrant/DSU-reportapp-api/api/vendor/laravel/lumen-framework/src/Concerns/RoutesRequests.php(413): Laravel\Lumen\Application->Laravel\Lumen\Concerns\{closure}()
#11 /vagrant/DSU-reportapp-api/api/vendor/laravel/lumen-framework/src/Concerns/RoutesRequests.php(166): Laravel\Lumen\Application->sendThroughPipeline(Array, Object(Closure))
#12 /vagrant/DSU-reportapp-api/api/vendor/laravel/lumen-framework/src/Concerns/RoutesRequests.php(107): Laravel\Lumen\Application->dispatch(NULL)
#13 /vagrant/DSU-reportapp-api/api/public/index.php(28): Laravel\Lumen\Application->run()
#14 {main} {"exception":"[object] (Symfony\\Component\\Debug\\Exception\\FatalThrowableError(code: 0): Parse error: syntax error, unexpected '?' at /vagrant/DSU-reportapp-api/api/vendor/symfony/http-foundation/Response.php:637)
[stacktrace]
#0 /vagrant/DSU-reportapp-api/api/vendor/composer/ClassLoader.php(322): Composer\\Autoload\\includeFile('/vagrant/DSU-re...')
#1 [internal function]: Composer\\Autoload\\ClassLoader->loadClass('Symfony\\\\Compone...')
#2 /vagrant/DSU-reportapp-api/api/vendor/illuminate/http/Response.php(13): spl_autoload_call('Symfony\\\\Compone...')
#3 /vagrant/DSU-reportapp-api/api/vendor/composer/ClassLoader.php(444): include('/vagrant/DSU-re...')
#4 /vagrant/DSU-reportapp-api/api/vendor/composer/ClassLoader.php(322): Composer\\Autoload\\includeFile('/vagrant/DSU-re...')
#5 [internal function]: Composer\\Autoload\\ClassLoader->loadClass('Illuminate\\\\Http...')
#6 /vagrant/DSU-reportapp-api/api/vendor/laravel/lumen-framework/src/Concerns/RoutesRequests.php(431): spl_autoload_call('Illuminate\\\\Http...')
#7 /vagrant/DSU-reportapp-api/api/vendor/laravel/lumen-framework/src/Concerns/RoutesRequests.php(286): Laravel\\Lumen\\Application->prepareResponse('Lumen (5.6.1) (...')
#8 /vagrant/DSU-reportapp-api/api/vendor/laravel/lumen-framework/src/Concerns/RoutesRequests.php(260): Laravel\\Lumen\\Application->callActionOnArrayBasedRoute(Array)
#9 /vagrant/DSU-reportapp-api/api/vendor/laravel/lumen-framework/src/Concerns/RoutesRequests.php(160): Laravel\\Lumen\\Application->handleFoundRoute(Array)
#10 /vagrant/DSU-reportapp-api/api/vendor/laravel/lumen-framework/src/Concerns/RoutesRequests.php(413): Laravel\\Lumen\\Application->Laravel\\Lumen\\Concerns\\{closure}()
#11 /vagrant/DSU-reportapp-api/api/vendor/laravel/lumen-framework/src/Concerns/RoutesRequests.php(166): Laravel\\Lumen\\Application->sendThroughPipeline(Array, Object(Closure))
#12 /vagrant/DSU-reportapp-api/api/vendor/laravel/lumen-framework/src/Concerns/RoutesRequests.php(107): Laravel\\Lumen\\Application->dispatch(NULL)
#13 /vagrant/DSU-reportapp-api/api/public/index.php(28): Laravel\\Lumen\\Application->run()
#14 {main}
"} 
[2018-03-04 15:29:31] production.ERROR: Symfony\Component\Debug\Exception\FatalThrowableError: Parse error: syntax error, unexpected '?' in /vagrant/DSU-reportapp-api/api/vendor/symfony/http-foundation/Response.php:637
Stack trace:
#0 /vagrant/DSU-reportapp-api/api/vendor/composer/ClassLoader.php(322): Composer\Autoload\includeFile('/vagrant/DSU-re...')
#1 [internal function]: Composer\Autoload\ClassLoader->loadClass('Symfony\\Compone...')
#2 /vagrant/DSU-reportapp-api/api/vendor/illuminate/http/Response.php(13): spl_autoload_call('Symfony\\Compone...')
#3 /vagrant/DSU-reportapp-api/api/vendor/composer/ClassLoader.php(444): include('/vagrant/DSU-re...')
#4 /vagrant/DSU-reportapp-api/api/vendor/composer/ClassLoader.php(322): Composer\Autoload\includeFile('/vagrant/DSU-re...')
#5 [internal function]: Composer\Autoload\ClassLoader->loadClass('Illuminate\\Http...')
#6 /vagrant/DSU-reportapp-api/api/vendor/laravel/lumen-framework/src/Exceptions/Handler.php(101): spl_autoload_call('Illuminate\\Http...')
#7 /vagrant/DSU-reportapp-api/api/app/Exceptions/Handler.php(48): Laravel\Lumen\Exceptions\Handler->render(Object(Illuminate\Http\Request), Object(Symfony\Component\Debug\Exception\FatalThrowableError))
#8 /vagrant/DSU-reportapp-api/api/vendor/laravel/lumen-framework/src/Concerns/RegistersExceptionHandlers.php(105): App\Exceptions\Handler->render(Object(Illuminate\Http\Request), Object(Symfony\Component\Debug\Exception\FatalThrowableError))
#9 /vagrant/DSU-reportapp-api/api/vendor/laravel/lumen-framework/src/Concerns/RoutesRequests.php(170): Laravel\Lumen\Application->sendExceptionToHandler(Object(Symfony\Component\Debug\Exception\FatalThrowableError))
#10 /vagrant/DSU-reportapp-api/api/vendor/laravel/lumen-framework/src/Concerns/RoutesRequests.php(107): Laravel\Lumen\Application->dispatch(NULL)
#11 /vagrant/DSU-reportapp-api/api/public/index.php(28): Laravel\Lumen\Application->run()
#12 {main} {"exception":"[object] (Symfony\\Component\\Debug\\Exception\\FatalThrowableError(code: 0): Parse error: syntax error, unexpected '?' at /vagrant/DSU-reportapp-api/api/vendor/symfony/http-foundation/Response.php:637)
[stacktrace]
#0 /vagrant/DSU-reportapp-api/api/vendor/composer/ClassLoader.php(322): Composer\\Autoload\\includeFile('/vagrant/DSU-re...')
#1 [internal function]: Composer\\Autoload\\ClassLoader->loadClass('Symfony\\\\Compone...')
#2 /vagrant/DSU-reportapp-api/api/vendor/illuminate/http/Response.php(13): spl_autoload_call('Symfony\\\\Compone...')
#3 /vagrant/DSU-reportapp-api/api/vendor/composer/ClassLoader.php(444): include('/vagrant/DSU-re...')
#4 /vagrant/DSU-reportapp-api/api/vendor/composer/ClassLoader.php(322): Composer\\Autoload\\includeFile('/vagrant/DSU-re...')
#5 [internal function]: Composer\\Autoload\\ClassLoader->loadClass('Illuminate\\\\Http...')
#6 /vagrant/DSU-reportapp-api/api/vendor/laravel/lumen-framework/src/Exceptions/Handler.php(101): spl_autoload_call('Illuminate\\\\Http...')
#7 /vagrant/DSU-reportapp-api/api/app/Exceptions/Handler.php(48): Laravel\\Lumen\\Exceptions\\Handler->render(Object(Illuminate\\Http\\Request), Object(Symfony\\Component\\Debug\\Exception\\FatalThrowableError))
#8 /vagrant/DSU-reportapp-api/api/vendor/laravel/lumen-framework/src/Concerns/RegistersExceptionHandlers.php(105): App\\Exceptions\\Handler->render(Object(Illuminate\\Http\\Request), Object(Symfony\\Component\\Debug\\Exception\\FatalThrowableError))
#9 /vagrant/DSU-reportapp-api/api/vendor/laravel/lumen-framework/src/Concerns/RoutesRequests.php(170): Laravel\\Lumen\\Application->sendExceptionToHandler(Object(Symfony\\Component\\Debug\\Exception\\FatalThrowableError))
#10 /vagrant/DSU-reportapp-api/api/vendor/laravel/lumen-framework/src/Concerns/RoutesRequests.php(107): Laravel\\Lumen\\Application->dispatch(NULL)
#11 /vagrant/DSU-reportapp-api/api/public/index.php(28): Laravel\\Lumen\\Application->run()
#12 {main}
"} 
[2018-03-04 15:29:31] production.ERROR: Symfony\Component\Debug\Exception\FatalErrorException: Exception thrown without a stack frame in Unknown:0
Stack trace:
#0 /vagrant/DSU-reportapp-api/api/vendor/laravel/lumen-framework/src/Concerns/RegistersExceptionHandlers.php(54): Laravel\Lumen\Application->handleShutdown()
#1 [internal function]: Laravel\Lumen\Application->Laravel\Lumen\Concerns\{closure}()
#2 {main} {"exception":"[object] (Symfony\\Component\\Debug\\Exception\\FatalErrorException(code: 16): Exception thrown without a stack frame at Unknown:0)
[stacktrace]
#0 /vagrant/DSU-reportapp-api/api/vendor/laravel/lumen-framework/src/Concerns/RegistersExceptionHandlers.php(54): Laravel\\Lumen\\Application->handleShutdown()
#1 [internal function]: Laravel\\Lumen\\Application->Laravel\\Lumen\\Concerns\\{closure}()
#2 {main}
"} 
[2018-03-05 11:50:33] production.ERROR: Symfony\Component\Debug\Exception\FatalThrowableError: Class 'Route' not found in /vagrant/DSU-reportapp-api/api/routes/web.php:14
Stack trace:
#0 /vagrant/DSU-reportapp-api/api/bootstrap/app.php(99): require()
#1 [internal function]: {closure}(Object(Laravel\Lumen\Routing\Router))
#2 /vagrant/DSU-reportapp-api/api/vendor/laravel/lumen-framework/src/Routing/Router.php(62): call_user_func(Object(Closure), Object(Laravel\Lumen\Routing\Router))
#3 /vagrant/DSU-reportapp-api/api/bootstrap/app.php(100): Laravel\Lumen\Routing\Router->group(Array, Object(Closure))
#4 /vagrant/DSU-reportapp-api/api/public/index.php(14): require('/vagrant/DSU-re...')
#5 {main} {"exception":"[object] (Symfony\\Component\\Debug\\Exception\\FatalThrowableError(code: 0): Class 'Route' not found at /vagrant/DSU-reportapp-api/api/routes/web.php:14)
[stacktrace]
#0 /vagrant/DSU-reportapp-api/api/bootstrap/app.php(99): require()
#1 [internal function]: {closure}(Object(Laravel\\Lumen\\Routing\\Router))
#2 /vagrant/DSU-reportapp-api/api/vendor/laravel/lumen-framework/src/Routing/Router.php(62): call_user_func(Object(Closure), Object(Laravel\\Lumen\\Routing\\Router))
#3 /vagrant/DSU-reportapp-api/api/bootstrap/app.php(100): Laravel\\Lumen\\Routing\\Router->group(Array, Object(Closure))
#4 /vagrant/DSU-reportapp-api/api/public/index.php(14): require('/vagrant/DSU-re...')
#5 {main}
"} 
[2018-03-05 11:51:20] production.ERROR: InvalidArgumentException: View [welcome] not found. in /vagrant/DSU-reportapp-api/api/vendor/illuminate/view/FileViewFinder.php:137
Stack trace:
#0 /vagrant/DSU-reportapp-api/api/vendor/illuminate/view/FileViewFinder.php(79): Illuminate\View\FileViewFinder->findInPaths('welcome', Array)
#1 /vagrant/DSU-reportapp-api/api/vendor/illuminate/view/Factory.php(128): Illuminate\View\FileViewFinder->find('welcome')
#2 /vagrant/DSU-reportapp-api/api/vendor/laravel/lumen-framework/src/helpers.php(400): Illuminate\View\Factory->make('welcome', Array, Array)
#3 /vagrant/DSU-reportapp-api/api/routes/web.php(15): view('welcome')
#4 [internal function]: Closure->{closure}()
#5 /vagrant/DSU-reportapp-api/api/vendor/illuminate/container/BoundMethod.php(29): call_user_func_array(Object(Closure), Array)
#6 /vagrant/DSU-reportapp-api/api/vendor/illuminate/container/BoundMethod.php(75): Illuminate\Container\BoundMethod::Illuminate\Container\{closure}()
#7 /vagrant/DSU-reportapp-api/api/vendor/illuminate/container/BoundMethod.php(31): Illuminate\Container\BoundMethod::callBoundMethod(Object(Laravel\Lumen\Application), Object(Closure), Object(Closure))
#8 /vagrant/DSU-reportapp-api/api/vendor/illuminate/container/Container.php(564): Illuminate\Container\BoundMethod::call(Object(Laravel\Lumen\Application), Object(Closure), Array, NULL)
#9 /vagrant/DSU-reportapp-api/api/vendor/laravel/lumen-framework/src/Concerns/RoutesRequests.php(286): Illuminate\Container\Container->call(Object(Closure), Array)
#10 /vagrant/DSU-reportapp-api/api/vendor/laravel/lumen-framework/src/Concerns/RoutesRequests.php(260): Laravel\Lumen\Application->callActionOnArrayBasedRoute(Array)
#11 /vagrant/DSU-reportapp-api/api/vendor/laravel/lumen-framework/src/Concerns/RoutesRequests.php(160): Laravel\Lumen\Application->handleFoundRoute(Array)
#12 /vagrant/DSU-reportapp-api/api/vendor/laravel/lumen-framework/src/Concerns/RoutesRequests.php(413): Laravel\Lumen\Application->Laravel\Lumen\Concerns\{closure}()
#13 /vagrant/DSU-reportapp-api/api/vendor/laravel/lumen-framework/src/Concerns/RoutesRequests.php(166): Laravel\Lumen\Application->sendThroughPipeline(Array, Object(Closure))
#14 /vagrant/DSU-reportapp-api/api/vendor/laravel/lumen-framework/src/Concerns/RoutesRequests.php(107): Laravel\Lumen\Application->dispatch(NULL)
#15 /vagrant/DSU-reportapp-api/api/public/index.php(28): Laravel\Lumen\Application->run()
#16 {main} {"exception":"[object] (InvalidArgumentException(code: 0): View [welcome] not found. at /vagrant/DSU-reportapp-api/api/vendor/illuminate/view/FileViewFinder.php:137)
[stacktrace]
#0 /vagrant/DSU-reportapp-api/api/vendor/illuminate/view/FileViewFinder.php(79): Illuminate\\View\\FileViewFinder->findInPaths('welcome', Array)
#1 /vagrant/DSU-reportapp-api/api/vendor/illuminate/view/Factory.php(128): Illuminate\\View\\FileViewFinder->find('welcome')
#2 /vagrant/DSU-reportapp-api/api/vendor/laravel/lumen-framework/src/helpers.php(400): Illuminate\\View\\Factory->make('welcome', Array, Array)
#3 /vagrant/DSU-reportapp-api/api/routes/web.php(15): view('welcome')
#4 [internal function]: Closure->{closure}()
#5 /vagrant/DSU-reportapp-api/api/vendor/illuminate/container/BoundMethod.php(29): call_user_func_array(Object(Closure), Array)
#6 /vagrant/DSU-reportapp-api/api/vendor/illuminate/container/BoundMethod.php(75): Illuminate\\Container\\BoundMethod::Illuminate\\Container\\{closure}()
#7 /vagrant/DSU-reportapp-api/api/vendor/illuminate/container/BoundMethod.php(31): Illuminate\\Container\\BoundMethod::callBoundMethod(Object(Laravel\\Lumen\\Application), Object(Closure), Object(Closure))
#8 /vagrant/DSU-reportapp-api/api/vendor/illuminate/container/Container.php(564): Illuminate\\Container\\BoundMethod::call(Object(Laravel\\Lumen\\Application), Object(Closure), Array, NULL)
#9 /vagrant/DSU-reportapp-api/api/vendor/laravel/lumen-framework/src/Concerns/RoutesRequests.php(286): Illuminate\\Container\\Container->call(Object(Closure), Array)
#10 /vagrant/DSU-reportapp-api/api/vendor/laravel/lumen-framework/src/Concerns/RoutesRequests.php(260): Laravel\\Lumen\\Application->callActionOnArrayBasedRoute(Array)
#11 /vagrant/DSU-reportapp-api/api/vendor/laravel/lumen-framework/src/Concerns/RoutesRequests.php(160): Laravel\\Lumen\\Application->handleFoundRoute(Array)
#12 /vagrant/DSU-reportapp-api/api/vendor/laravel/lumen-framework/src/Concerns/RoutesRequests.php(413): Laravel\\Lumen\\Application->Laravel\\Lumen\\Concerns\\{closure}()
#13 /vagrant/DSU-reportapp-api/api/vendor/laravel/lumen-framework/src/Concerns/RoutesRequests.php(166): Laravel\\Lumen\\Application->sendThroughPipeline(Array, Object(Closure))
#14 /vagrant/DSU-reportapp-api/api/vendor/laravel/lumen-framework/src/Concerns/RoutesRequests.php(107): Laravel\\Lumen\\Application->dispatch(NULL)
#15 /vagrant/DSU-reportapp-api/api/public/index.php(28): Laravel\\Lumen\\Application->run()
#16 {main}
"} 
[2018-03-05 11:52:46] production.ERROR: Symfony\Component\Debug\Exception\FatalThrowableError: Call to undefined method Laravel\Lumen\Application::getLocale() in /vagrant/DSU-reportapp-api/api/storage/framework/views/b21ae8c98da7372ff85787820b8d6bd83292f4ea.php:2
Stack trace:
#0 /vagrant/DSU-reportapp-api/api/vendor/illuminate/view/Engines/PhpEngine.php(43): include()
#1 /vagrant/DSU-reportapp-api/api/vendor/illuminate/view/Engines/CompilerEngine.php(59): Illuminate\View\Engines\PhpEngine->evaluatePath('/vagrant/DSU-re...', Array)
#2 /vagrant/DSU-reportapp-api/api/vendor/illuminate/view/View.php(137): Illuminate\View\Engines\CompilerEngine->get('/vagrant/DSU-re...', Array)
#3 /vagrant/DSU-reportapp-api/api/vendor/illuminate/view/View.php(120): Illuminate\View\View->getContents()
#4 /vagrant/DSU-reportapp-api/api/vendor/illuminate/view/View.php(85): Illuminate\View\View->renderContents()
#5 /vagrant/DSU-reportapp-api/api/vendor/illuminate/http/Response.php(42): Illuminate\View\View->render()
#6 /vagrant/DSU-reportapp-api/api/vendor/symfony/http-foundation/Response.php(196): Illuminate\Http\Response->setContent(Object(Illuminate\View\View))
#7 /vagrant/DSU-reportapp-api/api/vendor/laravel/lumen-framework/src/Concerns/RoutesRequests.php(431): Symfony\Component\HttpFoundation\Response->__construct(Object(Illuminate\View\View))
#8 /vagrant/DSU-reportapp-api/api/vendor/laravel/lumen-framework/src/Concerns/RoutesRequests.php(286): Laravel\Lumen\Application->prepareResponse(Object(Illuminate\View\View))
#9 /vagrant/DSU-reportapp-api/api/vendor/laravel/lumen-framework/src/Concerns/RoutesRequests.php(260): Laravel\Lumen\Application->callActionOnArrayBasedRoute(Array)
#10 /vagrant/DSU-reportapp-api/api/vendor/laravel/lumen-framework/src/Concerns/RoutesRequests.php(160): Laravel\Lumen\Application->handleFoundRoute(Array)
#11 /vagrant/DSU-reportapp-api/api/vendor/laravel/lumen-framework/src/Concerns/RoutesRequests.php(413): Laravel\Lumen\Application->Laravel\Lumen\Concerns\{closure}()
#12 /vagrant/DSU-reportapp-api/api/vendor/laravel/lumen-framework/src/Concerns/RoutesRequests.php(166): Laravel\Lumen\Application->sendThroughPipeline(Array, Object(Closure))
#13 /vagrant/DSU-reportapp-api/api/vendor/laravel/lumen-framework/src/Concerns/RoutesRequests.php(107): Laravel\Lumen\Application->dispatch(NULL)
#14 /vagrant/DSU-reportapp-api/api/public/index.php(28): Laravel\Lumen\Application->run()
#15 {main}

Next ErrorException: Call to undefined method Laravel\Lumen\Application::getLocale() (View: /vagrant/DSU-reportapp-api/api/resources/views/welcome.blade.php) in /vagrant/DSU-reportapp-api/api/storage/framework/views/b21ae8c98da7372ff85787820b8d6bd83292f4ea.php:2
Stack trace:
#0 /vagrant/DSU-reportapp-api/api/vendor/illuminate/view/Engines/PhpEngine.php(47): Illuminate\View\Engines\CompilerEngine->handleViewException(Object(Symfony\Component\Debug\Exception\FatalThrowableError), 1)
#1 /vagrant/DSU-reportapp-api/api/vendor/illuminate/view/Engines/CompilerEngine.php(59): Illuminate\View\Engines\PhpEngine->evaluatePath('/vagrant/DSU-re...', Array)
#2 /vagrant/DSU-reportapp-api/api/vendor/illuminate/view/View.php(137): Illuminate\View\Engines\CompilerEngine->get('/vagrant/DSU-re...', Array)
#3 /vagrant/DSU-reportapp-api/api/vendor/illuminate/view/View.php(120): Illuminate\View\View->getContents()
#4 /vagrant/DSU-reportapp-api/api/vendor/illuminate/view/View.php(85): Illuminate\View\View->renderContents()
#5 /vagrant/DSU-reportapp-api/api/vendor/illuminate/http/Response.php(42): Illuminate\View\View->render()
#6 /vagrant/DSU-reportapp-api/api/vendor/symfony/http-foundation/Response.php(196): Illuminate\Http\Response->setContent(Object(Illuminate\View\View))
#7 /vagrant/DSU-reportapp-api/api/vendor/laravel/lumen-framework/src/Concerns/RoutesRequests.php(431): Symfony\Component\HttpFoundation\Response->__construct(Object(Illuminate\View\View))
#8 /vagrant/DSU-reportapp-api/api/vendor/laravel/lumen-framework/src/Concerns/RoutesRequests.php(286): Laravel\Lumen\Application->prepareResponse(Object(Illuminate\View\View))
#9 /vagrant/DSU-reportapp-api/api/vendor/laravel/lumen-framework/src/Concerns/RoutesRequests.php(260): Laravel\Lumen\Application->callActionOnArrayBasedRoute(Array)
#10 /vagrant/DSU-reportapp-api/api/vendor/laravel/lumen-framework/src/Concerns/RoutesRequests.php(160): Laravel\Lumen\Application->handleFoundRoute(Array)
#11 /vagrant/DSU-reportapp-api/api/vendor/laravel/lumen-framework/src/Concerns/RoutesRequests.php(413): Laravel\Lumen\Application->Laravel\Lumen\Concerns\{closure}()
#12 /vagrant/DSU-reportapp-api/api/vendor/laravel/lumen-framework/src/Concerns/RoutesRequests.php(166): Laravel\Lumen\Application->sendThroughPipeline(Array, Object(Closure))
#13 /vagrant/DSU-reportapp-api/api/vendor/laravel/lumen-framework/src/Concerns/RoutesRequests.php(107): Laravel\Lumen\Application->dispatch(NULL)
#14 /vagrant/DSU-reportapp-api/api/public/index.php(28): Laravel\Lumen\Application->run()
#15 {main} {"exception":"[object] (ErrorException(code: 0): Call to undefined method Laravel\\Lumen\\Application::getLocale() (View: /vagrant/DSU-reportapp-api/api/resources/views/welcome.blade.php) at /vagrant/DSU-reportapp-api/api/storage/framework/views/b21ae8c98da7372ff85787820b8d6bd83292f4ea.php:2, Symfony\\Component\\Debug\\Exception\\FatalThrowableError(code: 0): Call to undefined method Laravel\\Lumen\\Application::getLocale() at /vagrant/DSU-reportapp-api/api/storage/framework/views/b21ae8c98da7372ff85787820b8d6bd83292f4ea.php:2)
[stacktrace]
#0 /vagrant/DSU-reportapp-api/api/vendor/illuminate/view/Engines/PhpEngine.php(47): Illuminate\\View\\Engines\\CompilerEngine->handleViewException(Object(Symfony\\Component\\Debug\\Exception\\FatalThrowableError), 1)
#1 /vagrant/DSU-reportapp-api/api/vendor/illuminate/view/Engines/CompilerEngine.php(59): Illuminate\\View\\Engines\\PhpEngine->evaluatePath('/vagrant/DSU-re...', Array)
#2 /vagrant/DSU-reportapp-api/api/vendor/illuminate/view/View.php(137): Illuminate\\View\\Engines\\CompilerEngine->get('/vagrant/DSU-re...', Array)
#3 /vagrant/DSU-reportapp-api/api/vendor/illuminate/view/View.php(120): Illuminate\\View\\View->getContents()
#4 /vagrant/DSU-reportapp-api/api/vendor/illuminate/view/View.php(85): Illuminate\\View\\View->renderContents()
#5 /vagrant/DSU-reportapp-api/api/vendor/illuminate/http/Response.php(42): Illuminate\\View\\View->render()
#6 /vagrant/DSU-reportapp-api/api/vendor/symfony/http-foundation/Response.php(196): Illuminate\\Http\\Response->setContent(Object(Illuminate\\View\\View))
#7 /vagrant/DSU-reportapp-api/api/vendor/laravel/lumen-framework/src/Concerns/RoutesRequests.php(431): Symfony\\Component\\HttpFoundation\\Response->__construct(Object(Illuminate\\View\\View))
#8 /vagrant/DSU-reportapp-api/api/vendor/laravel/lumen-framework/src/Concerns/RoutesRequests.php(286): Laravel\\Lumen\\Application->prepareResponse(Object(Illuminate\\View\\View))
#9 /vagrant/DSU-reportapp-api/api/vendor/laravel/lumen-framework/src/Concerns/RoutesRequests.php(260): Laravel\\Lumen\\Application->callActionOnArrayBasedRoute(Array)
#10 /vagrant/DSU-reportapp-api/api/vendor/laravel/lumen-framework/src/Concerns/RoutesRequests.php(160): Laravel\\Lumen\\Application->handleFoundRoute(Array)
#11 /vagrant/DSU-reportapp-api/api/vendor/laravel/lumen-framework/src/Concerns/RoutesRequests.php(413): Laravel\\Lumen\\Application->Laravel\\Lumen\\Concerns\\{closure}()
#12 /vagrant/DSU-reportapp-api/api/vendor/laravel/lumen-framework/src/Concerns/RoutesRequests.php(166): Laravel\\Lumen\\Application->sendThroughPipeline(Array, Object(Closure))
#13 /vagrant/DSU-reportapp-api/api/vendor/laravel/lumen-framework/src/Concerns/RoutesRequests.php(107): Laravel\\Lumen\\Application->dispatch(NULL)
#14 /vagrant/DSU-reportapp-api/api/public/index.php(28): Laravel\\Lumen\\Application->run()
#15 {main}
"} 
[2018-03-05 11:54:18] production.ERROR: Symfony\Component\Debug\Exception\FatalThrowableError: Class 'Route' not found in /vagrant/DSU-reportapp-api/api/storage/framework/views/b21ae8c98da7372ff85787820b8d6bd83292f4ea.php:69
Stack trace:
#0 /vagrant/DSU-reportapp-api/api/vendor/illuminate/view/Engines/PhpEngine.php(43): include()
#1 /vagrant/DSU-reportapp-api/api/vendor/illuminate/view/Engines/CompilerEngine.php(59): Illuminate\View\Engines\PhpEngine->evaluatePath('/vagrant/DSU-re...', Array)
#2 /vagrant/DSU-reportapp-api/api/vendor/illuminate/view/View.php(137): Illuminate\View\Engines\CompilerEngine->get('/vagrant/DSU-re...', Array)
#3 /vagrant/DSU-reportapp-api/api/vendor/illuminate/view/View.php(120): Illuminate\View\View->getContents()
#4 /vagrant/DSU-reportapp-api/api/vendor/illuminate/view/View.php(85): Illuminate\View\View->renderContents()
#5 /vagrant/DSU-reportapp-api/api/vendor/illuminate/http/Response.php(42): Illuminate\View\View->render()
#6 /vagrant/DSU-reportapp-api/api/vendor/symfony/http-foundation/Response.php(196): Illuminate\Http\Response->setContent(Object(Illuminate\View\View))
#7 /vagrant/DSU-reportapp-api/api/vendor/laravel/lumen-framework/src/Concerns/RoutesRequests.php(431): Symfony\Component\HttpFoundation\Response->__construct(Object(Illuminate\View\View))
#8 /vagrant/DSU-reportapp-api/api/vendor/laravel/lumen-framework/src/Concerns/RoutesRequests.php(286): Laravel\Lumen\Application->prepareResponse(Object(Illuminate\View\View))
#9 /vagrant/DSU-reportapp-api/api/vendor/laravel/lumen-framework/src/Concerns/RoutesRequests.php(260): Laravel\Lumen\Application->callActionOnArrayBasedRoute(Array)
#10 /vagrant/DSU-reportapp-api/api/vendor/laravel/lumen-framework/src/Concerns/RoutesRequests.php(160): Laravel\Lumen\Application->handleFoundRoute(Array)
#11 /vagrant/DSU-reportapp-api/api/vendor/laravel/lumen-framework/src/Concerns/RoutesRequests.php(413): Laravel\Lumen\Application->Laravel\Lumen\Concerns\{closure}()
#12 /vagrant/DSU-reportapp-api/api/vendor/laravel/lumen-framework/src/Concerns/RoutesRequests.php(166): Laravel\Lumen\Application->sendThroughPipeline(Array, Object(Closure))
#13 /vagrant/DSU-reportapp-api/api/vendor/laravel/lumen-framework/src/Concerns/RoutesRequests.php(107): Laravel\Lumen\Application->dispatch(NULL)
#14 /vagrant/DSU-reportapp-api/api/public/index.php(28): Laravel\Lumen\Application->run()
#15 {main}

Next ErrorException: Class 'Route' not found (View: /vagrant/DSU-reportapp-api/api/resources/views/welcome.blade.php) in /vagrant/DSU-reportapp-api/api/storage/framework/views/b21ae8c98da7372ff85787820b8d6bd83292f4ea.php:69
Stack trace:
#0 /vagrant/DSU-reportapp-api/api/vendor/illuminate/view/Engines/PhpEngine.php(47): Illuminate\View\Engines\CompilerEngine->handleViewException(Object(Symfony\Component\Debug\Exception\FatalThrowableError), 1)
#1 /vagrant/DSU-reportapp-api/api/vendor/illuminate/view/Engines/CompilerEngine.php(59): Illuminate\View\Engines\PhpEngine->evaluatePath('/vagrant/DSU-re...', Array)
#2 /vagrant/DSU-reportapp-api/api/vendor/illuminate/view/View.php(137): Illuminate\View\Engines\CompilerEngine->get('/vagrant/DSU-re...', Array)
#3 /vagrant/DSU-reportapp-api/api/vendor/illuminate/view/View.php(120): Illuminate\View\View->getContents()
#4 /vagrant/DSU-reportapp-api/api/vendor/illuminate/view/View.php(85): Illuminate\View\View->renderContents()
#5 /vagrant/DSU-reportapp-api/api/vendor/illuminate/http/Response.php(42): Illuminate\View\View->render()
#6 /vagrant/DSU-reportapp-api/api/vendor/symfony/http-foundation/Response.php(196): Illuminate\Http\Response->setContent(Object(Illuminate\View\View))
#7 /vagrant/DSU-reportapp-api/api/vendor/laravel/lumen-framework/src/Concerns/RoutesRequests.php(431): Symfony\Component\HttpFoundation\Response->__construct(Object(Illuminate\View\View))
#8 /vagrant/DSU-reportapp-api/api/vendor/laravel/lumen-framework/src/Concerns/RoutesRequests.php(286): Laravel\Lumen\Application->prepareResponse(Object(Illuminate\View\View))
#9 /vagrant/DSU-reportapp-api/api/vendor/laravel/lumen-framework/src/Concerns/RoutesRequests.php(260): Laravel\Lumen\Application->callActionOnArrayBasedRoute(Array)
#10 /vagrant/DSU-reportapp-api/api/vendor/laravel/lumen-framework/src/Concerns/RoutesRequests.php(160): Laravel\Lumen\Application->handleFoundRoute(Array)
#11 /vagrant/DSU-reportapp-api/api/vendor/laravel/lumen-framework/src/Concerns/RoutesRequests.php(413): Laravel\Lumen\Application->Laravel\Lumen\Concerns\{closure}()
#12 /vagrant/DSU-reportapp-api/api/vendor/laravel/lumen-framework/src/Concerns/RoutesRequests.php(166): Laravel\Lumen\Application->sendThroughPipeline(Array, Object(Closure))
#13 /vagrant/DSU-reportapp-api/api/vendor/laravel/lumen-framework/src/Concerns/RoutesRequests.php(107): Laravel\Lumen\Application->dispatch(NULL)
#14 /vagrant/DSU-reportapp-api/api/public/index.php(28): Laravel\Lumen\Application->run()
#15 {main} {"exception":"[object] (ErrorException(code: 0): Class 'Route' not found (View: /vagrant/DSU-reportapp-api/api/resources/views/welcome.blade.php) at /vagrant/DSU-reportapp-api/api/storage/framework/views/b21ae8c98da7372ff85787820b8d6bd83292f4ea.php:69, Symfony\\Component\\Debug\\Exception\\FatalThrowableError(code: 0): Class 'Route' not found at /vagrant/DSU-reportapp-api/api/storage/framework/views/b21ae8c98da7372ff85787820b8d6bd83292f4ea.php:69)
[stacktrace]
#0 /vagrant/DSU-reportapp-api/api/vendor/illuminate/view/Engines/PhpEngine.php(47): Illuminate\\View\\Engines\\CompilerEngine->handleViewException(Object(Symfony\\Component\\Debug\\Exception\\FatalThrowableError), 1)
#1 /vagrant/DSU-reportapp-api/api/vendor/illuminate/view/Engines/CompilerEngine.php(59): Illuminate\\View\\Engines\\PhpEngine->evaluatePath('/vagrant/DSU-re...', Array)
#2 /vagrant/DSU-reportapp-api/api/vendor/illuminate/view/View.php(137): Illuminate\\View\\Engines\\CompilerEngine->get('/vagrant/DSU-re...', Array)
#3 /vagrant/DSU-reportapp-api/api/vendor/illuminate/view/View.php(120): Illuminate\\View\\View->getContents()
#4 /vagrant/DSU-reportapp-api/api/vendor/illuminate/view/View.php(85): Illuminate\\View\\View->renderContents()
#5 /vagrant/DSU-reportapp-api/api/vendor/illuminate/http/Response.php(42): Illuminate\\View\\View->render()
#6 /vagrant/DSU-reportapp-api/api/vendor/symfony/http-foundation/Response.php(196): Illuminate\\Http\\Response->setContent(Object(Illuminate\\View\\View))
#7 /vagrant/DSU-reportapp-api/api/vendor/laravel/lumen-framework/src/Concerns/RoutesRequests.php(431): Symfony\\Component\\HttpFoundation\\Response->__construct(Object(Illuminate\\View\\View))
#8 /vagrant/DSU-reportapp-api/api/vendor/laravel/lumen-framework/src/Concerns/RoutesRequests.php(286): Laravel\\Lumen\\Application->prepareResponse(Object(Illuminate\\View\\View))
#9 /vagrant/DSU-reportapp-api/api/vendor/laravel/lumen-framework/src/Concerns/RoutesRequests.php(260): Laravel\\Lumen\\Application->callActionOnArrayBasedRoute(Array)
#10 /vagrant/DSU-reportapp-api/api/vendor/laravel/lumen-framework/src/Concerns/RoutesRequests.php(160): Laravel\\Lumen\\Application->handleFoundRoute(Array)
#11 /vagrant/DSU-reportapp-api/api/vendor/laravel/lumen-framework/src/Concerns/RoutesRequests.php(413): Laravel\\Lumen\\Application->Laravel\\Lumen\\Concerns\\{closure}()
#12 /vagrant/DSU-reportapp-api/api/vendor/laravel/lumen-framework/src/Concerns/RoutesRequests.php(166): Laravel\\Lumen\\Application->sendThroughPipeline(Array, Object(Closure))
#13 /vagrant/DSU-reportapp-api/api/vendor/laravel/lumen-framework/src/Concerns/RoutesRequests.php(107): Laravel\\Lumen\\Application->dispatch(NULL)
#14 /vagrant/DSU-reportapp-api/api/public/index.php(28): Laravel\\Lumen\\Application->run()
#15 {main}
"} 
[2018-03-05 14:15:18] production.ERROR: ErrorException: Undefined variable: router in /vagrant/DSU-reportapp-api/api/storage/framework/views/b21ae8c98da7372ff85787820b8d6bd83292f4ea.php:64
Stack trace:
#0 /vagrant/DSU-reportapp-api/api/storage/framework/views/b21ae8c98da7372ff85787820b8d6bd83292f4ea.php(64): Laravel\Lumen\Application->Laravel\Lumen\Concerns\{closure}(8, 'Undefined varia...', '/vagrant/DSU-re...', 64, Array)
#1 /vagrant/DSU-reportapp-api/api/vendor/illuminate/view/Engines/PhpEngine.php(43): include('/vagrant/DSU-re...')
#2 /vagrant/DSU-reportapp-api/api/vendor/illuminate/view/Engines/CompilerEngine.php(59): Illuminate\View\Engines\PhpEngine->evaluatePath('/vagrant/DSU-re...', Array)
#3 /vagrant/DSU-reportapp-api/api/vendor/illuminate/view/View.php(137): Illuminate\View\Engines\CompilerEngine->get('/vagrant/DSU-re...', Array)
#4 /vagrant/DSU-reportapp-api/api/vendor/illuminate/view/View.php(120): Illuminate\View\View->getContents()
#5 /vagrant/DSU-reportapp-api/api/vendor/illuminate/view/View.php(85): Illuminate\View\View->renderContents()
#6 /vagrant/DSU-reportapp-api/api/vendor/illuminate/http/Response.php(42): Illuminate\View\View->render()
#7 /vagrant/DSU-reportapp-api/api/vendor/symfony/http-foundation/Response.php(196): Illuminate\Http\Response->setContent(Object(Illuminate\View\View))
#8 /vagrant/DSU-reportapp-api/api/vendor/laravel/lumen-framework/src/Concerns/RoutesRequests.php(431): Symfony\Component\HttpFoundation\Response->__construct(Object(Illuminate\View\View))
#9 /vagrant/DSU-reportapp-api/api/vendor/laravel/lumen-framework/src/Concerns/RoutesRequests.php(286): Laravel\Lumen\Application->prepareResponse(Object(Illuminate\View\View))
#10 /vagrant/DSU-reportapp-api/api/vendor/laravel/lumen-framework/src/Concerns/RoutesRequests.php(260): Laravel\Lumen\Application->callActionOnArrayBasedRoute(Array)
#11 /vagrant/DSU-reportapp-api/api/vendor/laravel/lumen-framework/src/Concerns/RoutesRequests.php(160): Laravel\Lumen\Application->handleFoundRoute(Array)
#12 /vagrant/DSU-reportapp-api/api/vendor/laravel/lumen-framework/src/Concerns/RoutesRequests.php(413): Laravel\Lumen\Application->Laravel\Lumen\Concerns\{closure}()
#13 /vagrant/DSU-reportapp-api/api/vendor/laravel/lumen-framework/src/Concerns/RoutesRequests.php(166): Laravel\Lumen\Application->sendThroughPipeline(Array, Object(Closure))
#14 /vagrant/DSU-reportapp-api/api/vendor/laravel/lumen-framework/src/Concerns/RoutesRequests.php(107): Laravel\Lumen\Application->dispatch(NULL)
#15 /vagrant/DSU-reportapp-api/api/public/index.php(28): Laravel\Lumen\Application->run()
#16 {main}

Next ErrorException: Undefined variable: router (View: /vagrant/DSU-reportapp-api/api/resources/views/welcome.blade.php) in /vagrant/DSU-reportapp-api/api/storage/framework/views/b21ae8c98da7372ff85787820b8d6bd83292f4ea.php:64
Stack trace:
#0 /vagrant/DSU-reportapp-api/api/vendor/illuminate/view/Engines/PhpEngine.php(45): Illuminate\View\Engines\CompilerEngine->handleViewException(Object(ErrorException), 1)
#1 /vagrant/DSU-reportapp-api/api/vendor/illuminate/view/Engines/CompilerEngine.php(59): Illuminate\View\Engines\PhpEngine->evaluatePath('/vagrant/DSU-re...', Array)
#2 /vagrant/DSU-reportapp-api/api/vendor/illuminate/view/View.php(137): Illuminate\View\Engines\CompilerEngine->get('/vagrant/DSU-re...', Array)
#3 /vagrant/DSU-reportapp-api/api/vendor/illuminate/view/View.php(120): Illuminate\View\View->getContents()
#4 /vagrant/DSU-reportapp-api/api/vendor/illuminate/view/View.php(85): Illuminate\View\View->renderContents()
#5 /vagrant/DSU-reportapp-api/api/vendor/illuminate/http/Response.php(42): Illuminate\View\View->render()
#6 /vagrant/DSU-reportapp-api/api/vendor/symfony/http-foundation/Response.php(196): Illuminate\Http\Response->setContent(Object(Illuminate\View\View))
#7 /vagrant/DSU-reportapp-api/api/vendor/laravel/lumen-framework/src/Concerns/RoutesRequests.php(431): Symfony\Component\HttpFoundation\Response->__construct(Object(Illuminate\View\View))
#8 /vagrant/DSU-reportapp-api/api/vendor/laravel/lumen-framework/src/Concerns/RoutesRequests.php(286): Laravel\Lumen\Application->prepareResponse(Object(Illuminate\View\View))
#9 /vagrant/DSU-reportapp-api/api/vendor/laravel/lumen-framework/src/Concerns/RoutesRequests.php(260): Laravel\Lumen\Application->callActionOnArrayBasedRoute(Array)
#10 /vagrant/DSU-reportapp-api/api/vendor/laravel/lumen-framework/src/Concerns/RoutesRequests.php(160): Laravel\Lumen\Application->handleFoundRoute(Array)
#11 /vagrant/DSU-reportapp-api/api/vendor/laravel/lumen-framework/src/Concerns/RoutesRequests.php(413): Laravel\Lumen\Application->Laravel\Lumen\Concerns\{closure}()
#12 /vagrant/DSU-reportapp-api/api/vendor/laravel/lumen-framework/src/Concerns/RoutesRequests.php(166): Laravel\Lumen\Application->sendThroughPipeline(Array, Object(Closure))
#13 /vagrant/DSU-reportapp-api/api/vendor/laravel/lumen-framework/src/Concerns/RoutesRequests.php(107): Laravel\Lumen\Application->dispatch(NULL)
#14 /vagrant/DSU-reportapp-api/api/public/index.php(28): Laravel\Lumen\Application->run()
#15 {main} {"exception":"[object] (ErrorException(code: 0): Undefined variable: router (View: /vagrant/DSU-reportapp-api/api/resources/views/welcome.blade.php) at /vagrant/DSU-reportapp-api/api/storage/framework/views/b21ae8c98da7372ff85787820b8d6bd83292f4ea.php:64, ErrorException(code: 0): Undefined variable: router at /vagrant/DSU-reportapp-api/api/storage/framework/views/b21ae8c98da7372ff85787820b8d6bd83292f4ea.php:64)
[stacktrace]
#0 /vagrant/DSU-reportapp-api/api/vendor/illuminate/view/Engines/PhpEngine.php(45): Illuminate\\View\\Engines\\CompilerEngine->handleViewException(Object(ErrorException), 1)
#1 /vagrant/DSU-reportapp-api/api/vendor/illuminate/view/Engines/CompilerEngine.php(59): Illuminate\\View\\Engines\\PhpEngine->evaluatePath('/vagrant/DSU-re...', Array)
#2 /vagrant/DSU-reportapp-api/api/vendor/illuminate/view/View.php(137): Illuminate\\View\\Engines\\CompilerEngine->get('/vagrant/DSU-re...', Array)
#3 /vagrant/DSU-reportapp-api/api/vendor/illuminate/view/View.php(120): Illuminate\\View\\View->getContents()
#4 /vagrant/DSU-reportapp-api/api/vendor/illuminate/view/View.php(85): Illuminate\\View\\View->renderContents()
#5 /vagrant/DSU-reportapp-api/api/vendor/illuminate/http/Response.php(42): Illuminate\\View\\View->render()
#6 /vagrant/DSU-reportapp-api/api/vendor/symfony/http-foundation/Response.php(196): Illuminate\\Http\\Response->setContent(Object(Illuminate\\View\\View))
#7 /vagrant/DSU-reportapp-api/api/vendor/laravel/lumen-framework/src/Concerns/RoutesRequests.php(431): Symfony\\Component\\HttpFoundation\\Response->__construct(Object(Illuminate\\View\\View))
#8 /vagrant/DSU-reportapp-api/api/vendor/laravel/lumen-framework/src/Concerns/RoutesRequests.php(286): Laravel\\Lumen\\Application->prepareResponse(Object(Illuminate\\View\\View))
#9 /vagrant/DSU-reportapp-api/api/vendor/laravel/lumen-framework/src/Concerns/RoutesRequests.php(260): Laravel\\Lumen\\Application->callActionOnArrayBasedRoute(Array)
#10 /vagrant/DSU-reportapp-api/api/vendor/laravel/lumen-framework/src/Concerns/RoutesRequests.php(160): Laravel\\Lumen\\Application->handleFoundRoute(Array)
#11 /vagrant/DSU-reportapp-api/api/vendor/laravel/lumen-framework/src/Concerns/RoutesRequests.php(413): Laravel\\Lumen\\Application->Laravel\\Lumen\\Concerns\\{closure}()
#12 /vagrant/DSU-reportapp-api/api/vendor/laravel/lumen-framework/src/Concerns/RoutesRequests.php(166): Laravel\\Lumen\\Application->sendThroughPipeline(Array, Object(Closure))
#13 /vagrant/DSU-reportapp-api/api/vendor/laravel/lumen-framework/src/Concerns/RoutesRequests.php(107): Laravel\\Lumen\\Application->dispatch(NULL)
#14 /vagrant/DSU-reportapp-api/api/public/index.php(28): Laravel\\Lumen\\Application->run()
#15 {main}
"} 
[2018-03-05 14:17:22] production.ERROR: ErrorException: array_merge(): Argument #2 is not an array in /vagrant/DSU-reportapp-api/api/vendor/illuminate/view/Factory.php:134
Stack trace:
#0 [internal function]: Laravel\Lumen\Application->Laravel\Lumen\Concerns\{closure}(2, 'array_merge(): ...', '/vagrant/DSU-re...', 134, Array)
#1 /vagrant/DSU-reportapp-api/api/vendor/illuminate/view/Factory.php(134): array_merge(Array, Object(Laravel\Lumen\Routing\Router))
#2 /vagrant/DSU-reportapp-api/api/vendor/laravel/lumen-framework/src/helpers.php(400): Illuminate\View\Factory->make('welcome', Object(Laravel\Lumen\Routing\Router), Array)
#3 /vagrant/DSU-reportapp-api/api/routes/web.php(15): view('welcome', Object(Laravel\Lumen\Routing\Router))
#4 [internal function]: Closure->{closure}()
#5 /vagrant/DSU-reportapp-api/api/vendor/illuminate/container/BoundMethod.php(29): call_user_func_array(Object(Closure), Array)
#6 /vagrant/DSU-reportapp-api/api/vendor/illuminate/container/BoundMethod.php(75): Illuminate\Container\BoundMethod::Illuminate\Container\{closure}()
#7 /vagrant/DSU-reportapp-api/api/vendor/illuminate/container/BoundMethod.php(31): Illuminate\Container\BoundMethod::callBoundMethod(Object(Laravel\Lumen\Application), Object(Closure), Object(Closure))
#8 /vagrant/DSU-reportapp-api/api/vendor/illuminate/container/Container.php(564): Illuminate\Container\BoundMethod::call(Object(Laravel\Lumen\Application), Object(Closure), Array, NULL)
#9 /vagrant/DSU-reportapp-api/api/vendor/laravel/lumen-framework/src/Concerns/RoutesRequests.php(286): Illuminate\Container\Container->call(Object(Closure), Array)
#10 /vagrant/DSU-reportapp-api/api/vendor/laravel/lumen-framework/src/Concerns/RoutesRequests.php(260): Laravel\Lumen\Application->callActionOnArrayBasedRoute(Array)
#11 /vagrant/DSU-reportapp-api/api/vendor/laravel/lumen-framework/src/Concerns/RoutesRequests.php(160): Laravel\Lumen\Application->handleFoundRoute(Array)
#12 /vagrant/DSU-reportapp-api/api/vendor/laravel/lumen-framework/src/Concerns/RoutesRequests.php(413): Laravel\Lumen\Application->Laravel\Lumen\Concerns\{closure}()
#13 /vagrant/DSU-reportapp-api/api/vendor/laravel/lumen-framework/src/Concerns/RoutesRequests.php(166): Laravel\Lumen\Application->sendThroughPipeline(Array, Object(Closure))
#14 /vagrant/DSU-reportapp-api/api/vendor/laravel/lumen-framework/src/Concerns/RoutesRequests.php(107): Laravel\Lumen\Application->dispatch(NULL)
#15 /vagrant/DSU-reportapp-api/api/public/index.php(28): Laravel\Lumen\Application->run()
#16 {main} {"exception":"[object] (ErrorException(code: 0): array_merge(): Argument #2 is not an array at /vagrant/DSU-reportapp-api/api/vendor/illuminate/view/Factory.php:134)
[stacktrace]
#0 [internal function]: Laravel\\Lumen\\Application->Laravel\\Lumen\\Concerns\\{closure}(2, 'array_merge(): ...', '/vagrant/DSU-re...', 134, Array)
#1 /vagrant/DSU-reportapp-api/api/vendor/illuminate/view/Factory.php(134): array_merge(Array, Object(Laravel\\Lumen\\Routing\\Router))
#2 /vagrant/DSU-reportapp-api/api/vendor/laravel/lumen-framework/src/helpers.php(400): Illuminate\\View\\Factory->make('welcome', Object(Laravel\\Lumen\\Routing\\Router), Array)
#3 /vagrant/DSU-reportapp-api/api/routes/web.php(15): view('welcome', Object(Laravel\\Lumen\\Routing\\Router))
#4 [internal function]: Closure->{closure}()
#5 /vagrant/DSU-reportapp-api/api/vendor/illuminate/container/BoundMethod.php(29): call_user_func_array(Object(Closure), Array)
#6 /vagrant/DSU-reportapp-api/api/vendor/illuminate/container/BoundMethod.php(75): Illuminate\\Container\\BoundMethod::Illuminate\\Container\\{closure}()
#7 /vagrant/DSU-reportapp-api/api/vendor/illuminate/container/BoundMethod.php(31): Illuminate\\Container\\BoundMethod::callBoundMethod(Object(Laravel\\Lumen\\Application), Object(Closure), Object(Closure))
#8 /vagrant/DSU-reportapp-api/api/vendor/illuminate/container/Container.php(564): Illuminate\\Container\\BoundMethod::call(Object(Laravel\\Lumen\\Application), Object(Closure), Array, NULL)
#9 /vagrant/DSU-reportapp-api/api/vendor/laravel/lumen-framework/src/Concerns/RoutesRequests.php(286): Illuminate\\Container\\Container->call(Object(Closure), Array)
#10 /vagrant/DSU-reportapp-api/api/vendor/laravel/lumen-framework/src/Concerns/RoutesRequests.php(260): Laravel\\Lumen\\Application->callActionOnArrayBasedRoute(Array)
#11 /vagrant/DSU-reportapp-api/api/vendor/laravel/lumen-framework/src/Concerns/RoutesRequests.php(160): Laravel\\Lumen\\Application->handleFoundRoute(Array)
#12 /vagrant/DSU-reportapp-api/api/vendor/laravel/lumen-framework/src/Concerns/RoutesRequests.php(413): Laravel\\Lumen\\Application->Laravel\\Lumen\\Concerns\\{closure}()
#13 /vagrant/DSU-reportapp-api/api/vendor/laravel/lumen-framework/src/Concerns/RoutesRequests.php(166): Laravel\\Lumen\\Application->sendThroughPipeline(Array, Object(Closure))
#14 /vagrant/DSU-reportapp-api/api/vendor/laravel/lumen-framework/src/Concerns/RoutesRequests.php(107): Laravel\\Lumen\\Application->dispatch(NULL)
#15 /vagrant/DSU-reportapp-api/api/public/index.php(28): Laravel\\Lumen\\Application->run()
#16 {main}
"} 
